<?xml version="1.0" encoding="UTF-8"?>
<!-- Generated by org.testng.reporters.JUnitReportReporter -->
<testsuite ignored="0" hostname="DESKTOP-TP3S8UT" failures="0" tests="1" name="org.testing.testScripts.TC2_PostRequest_RandomID" time="7.914" errors="0" timestamp="10 May 2021 11:20:06 GMT" skipped="0">
  <testcase classname="org.testing.testScripts.TC2_PostRequest_RandomID" name="Testcase2" time="7.914"/>
</testsuite> <!-- org.testing.testScripts.TC2_PostRequest_RandomID -->
