<?xml version="1.0" encoding="UTF-8"?>
<!-- Generated by org.testng.reporters.JUnitReportReporter -->
<testsuite ignored="0" hostname="DESKTOP-TP3S8UT" failures="0" tests="1" name="org.testing.testScripts.TC3_GetRequestForSingle" time="5.357" errors="0" timestamp="10 May 2021 11:21:07 GMT" skipped="0">
  <testcase classname="org.testing.testScripts.TC3_GetRequestForSingle" name="TestCase3" time="5.357"/>
</testsuite> <!-- org.testing.testScripts.TC3_GetRequestForSingle -->
